
/home/runner/work/exp-transistor-level-inverter-iiith/exp-transistor-level-inverter-iiith/experiment/simulation/js/animation-cmos.js
  375:16  warning  'gsap' is not defined              no-undef
  376:1   warning  'gsap' is not defined              no-undef
  376:21  warning  'MotionPathPlugin' is not defined  no-undef

/home/runner/work/exp-transistor-level-inverter-iiith/exp-transistor-level-inverter-iiith/experiment/simulation/js/animation-nmos.js
  389:16  warning  'gsap' is not defined              no-undef
  390:1   warning  'gsap' is not defined              no-undef
  390:21  warning  'MotionPathPlugin' is not defined  no-undef

/home/runner/work/exp-transistor-level-inverter-iiith/exp-transistor-level-inverter-iiith/experiment/simulation/js/animation-utility.js
   3:5  warning  'gsap' is not defined  no-undef
  11:5  warning  'gsap' is not defined  no-undef
  16:5  warning  'gsap' is not defined  no-undef
  19:5  warning  'gsap' is not defined  no-undef
  22:5  warning  'gsap' is not defined  no-undef

/home/runner/work/exp-transistor-level-inverter-iiith/exp-transistor-level-inverter-iiith/experiment/simulation/js/circuit.js
  3:8  warning  'checkConnectionPmos' is defined but never used  no-unused-vars

/home/runner/work/exp-transistor-level-inverter-iiith/exp-transistor-level-inverter-iiith/experiment/simulation/js/components.js
  4:32  warning  'jsPlumb' is not defined  no-undef
  5:16  warning  'diagram' is not defined  no-undef

/home/runner/work/exp-transistor-level-inverter-iiith/exp-transistor-level-inverter-iiith/experiment/simulation/js/integrate.js
   4:79  warning  'addInstance' is defined but never used            no-unused-vars
  19:7   warning  'cancelOption' is assigned a value but never used  no-unused-vars

✖ 16 problems (0 errors, 16 warnings)

